<?xml version="1.0" encoding="UTF-8"?>
<testsuite name="test.collective.articles.ArticlesControllerTest" tests="2" skipped="0" failures="0" errors="0" timestamp="2025-02-07T02:14:52" hostname="engr2-3-70-dhcp.int.colorado.edu" time="0.296">
  <properties/>
  <testcase name="findAll" classname="test.collective.articles.ArticlesControllerTest" time="0.29"/>
  <testcase name="findAvailable" classname="test.collective.articles.ArticlesControllerTest" time="0.006"/>
  <system-out><![CDATA[]]></system-out>
  <system-err><![CDATA[[Test worker] INFO org.eclipse.jetty.util.log - Logging initialized @2062ms
[Test worker] INFO test.collective.articles.ArticlesControllerTest$1 - App started.
[Test worker] INFO org.eclipse.jetty.server.Server - jetty-9.3.0.M2
[Test worker] INFO org.eclipse.jetty.server.ServerConnector - Started ServerConnector@6933b6c6{HTTP/1.1,[http/1.1]}{0.0.0.0:8888}
[Test worker] INFO org.eclipse.jetty.server.Server - Started @2142ms
[Test worker] INFO test.collective.articles.ArticlesControllerTest$1 - App stopped.
[Test worker] INFO org.eclipse.jetty.server.ServerConnector - Stopped ServerConnector@6933b6c6{HTTP/1.1,[http/1.1]}{0.0.0.0:8888}
[Test worker] INFO test.collective.articles.ArticlesControllerTest$1 - App started.
[Test worker] INFO org.eclipse.jetty.server.Server - jetty-9.3.0.M2
[Test worker] INFO org.eclipse.jetty.server.ServerConnector - Started ServerConnector@14d14731{HTTP/1.1,[http/1.1]}{0.0.0.0:8888}
[Test worker] INFO org.eclipse.jetty.server.Server - Started @2325ms
[Test worker] INFO test.collective.articles.ArticlesControllerTest$1 - App stopped.
[Test worker] INFO org.eclipse.jetty.server.ServerConnector - Stopped ServerConnector@14d14731{HTTP/1.1,[http/1.1]}{0.0.0.0:8888}
]]></system-err>
</testsuite>
