<?xml version="1.0" encoding="UTF-8"?>
<testsuite name="test.collective.articles.ArticleDataGatewayTest" tests="1" skipped="0" failures="0" errors="0" timestamp="2025-02-07T02:14:51" hostname="engr2-3-70-dhcp.int.colorado.edu" time="0.003">
  <properties/>
  <testcase name="findAll" classname="test.collective.articles.ArticleDataGatewayTest" time="0.003"/>
  <system-out><![CDATA[]]></system-out>
  <system-err><![CDATA[]]></system-err>
</testsuite>
