<?xml version="1.0" encoding="UTF-8"?>
<testsuite name="test.collective.restsupport.NoopControllerTest" tests="1" skipped="0" failures="0" errors="0" timestamp="2025-02-07T02:15:01" hostname="engr2-3-70-dhcp.int.colorado.edu" time="3.624">
  <properties/>
  <testcase name="testGet" classname="test.collective.restsupport.NoopControllerTest" time="3.624"/>
  <system-out><![CDATA[]]></system-out>
  <system-err><![CDATA[[Test worker] INFO org.eclipse.jetty.util.log - Logging initialized @265ms
[Test worker] INFO test.collective.restsupport.NoopControllerTest$app$1 - App started.
[Test worker] INFO org.eclipse.jetty.server.Server - jetty-9.3.0.M2
[Test worker] INFO org.eclipse.jetty.server.ServerConnector - Started ServerConnector@14dd7b39{HTTP/1.1,[http/1.1]}{0.0.0.0:8888}
[Test worker] INFO org.eclipse.jetty.server.Server - Started @338ms
[Test worker] INFO test.collective.restsupport.NoopControllerTest$app$1 - App stopped.
[Test worker] INFO org.eclipse.jetty.server.ServerConnector - Stopped ServerConnector@14dd7b39{HTTP/1.1,[http/1.1]}{0.0.0.0:8888}
]]></system-err>
</testsuite>
